{
  "stats": {
    "suites": 1,
    "tests": 3,
    "passes": 3,
    "pending": 0,
    "failures": 0,
    "start": "2023-05-23T11:42:21.871Z",
    "end": "2023-05-23T11:42:23.812Z",
    "duration": 1941,
    "testsRegistered": 3,
    "passPercent": 100,
    "pendingPercent": 0,
    "other": 0,
    "hasOther": false,
    "skipped": 0,
    "hasSkipped": false
  },
  "results": [
    {
      "uuid": "de0c3945-3ab3-4885-8701-ea426e032839",
      "title": "",
      "fullFile": "cypress\\e2e\\2-advanced-examples\\window.cy.js",
      "file": "cypress\\e2e\\2-advanced-examples\\window.cy.js",
      "beforeHooks": [],
      "afterHooks": [],
      "tests": [],
      "suites": [
        {
          "uuid": "da25710c-f6db-46f2-8a72-eb865ca98485",
          "title": "Window",
          "fullFile": "",
          "file": "",
          "beforeHooks": [],
          "afterHooks": [],
          "tests": [
            {
              "title": "cy.window() - get the global window object",
              "fullTitle": "Window cy.window() - get the global window object",
              "timedOut": null,
              "duration": 293,
              "state": "passed",
              "speed": "fast",
              "pass": true,
              "fail": false,
              "pending": false,
              "context": null,
              "code": "cy.window().should(\"have.property\", \"top\");",
              "err": {},
              "uuid": "5261a3f4-7cc3-482b-a326-7e18f5990857",
              "parentUUID": "da25710c-f6db-46f2-8a72-eb865ca98485",
              "isHook": false,
              "skipped": false
            },
            {
              "title": "cy.document() - get the document object",
              "fullTitle": "Window cy.document() - get the document object",
              "timedOut": null,
              "duration": 131,
              "state": "passed",
              "speed": "fast",
              "pass": true,
              "fail": false,
              "pending": false,
              "context": null,
              "code": "cy.document().should(\"have.property\", \"charset\").and(\"eq\", \"UTF-8\");",
              "err": {},
              "uuid": "b99deba2-fee3-4e51-8d50-217a8b4b374e",
              "parentUUID": "da25710c-f6db-46f2-8a72-eb865ca98485",
              "isHook": false,
              "skipped": false
            },
            {
              "title": "cy.title() - get the title",
              "fullTitle": "Window cy.title() - get the title",
              "timedOut": null,
              "duration": 115,
              "state": "passed",
              "speed": "fast",
              "pass": true,
              "fail": false,
              "pending": false,
              "context": null,
              "code": "cy.title().should(\"include\", \"Kitchen Sink\");",
              "err": {},
              "uuid": "b0465c19-adba-4451-828a-e117eda5c25e",
              "parentUUID": "da25710c-f6db-46f2-8a72-eb865ca98485",
              "isHook": false,
              "skipped": false
            }
          ],
          "suites": [],
          "passes": [
            "5261a3f4-7cc3-482b-a326-7e18f5990857",
            "b99deba2-fee3-4e51-8d50-217a8b4b374e",
            "b0465c19-adba-4451-828a-e117eda5c25e"
          ],
          "failures": [],
          "pending": [],
          "skipped": [],
          "duration": 539,
          "root": false,
          "rootEmpty": false,
          "_timeout": 2000
        }
      ],
      "passes": [],
      "failures": [],
      "pending": [],
      "skipped": [],
      "duration": 0,
      "root": true,
      "rootEmpty": true,
      "_timeout": 2000
    }
  ],
  "meta": {
    "mocha": {
      "version": "7.0.1"
    },
    "mochawesome": {
      "options": {
        "quiet": false,
        "reportFilename": "mochawesome",
        "saveHtml": true,
        "saveJson": true,
        "consoleReporter": "spec",
        "useInlineDiffs": false,
        "code": true
      },
      "version": "7.1.3"
    },
    "marge": {
      "options": null,
      "version": "6.2.0"
    }
  }
}